Model:
category  | P(category)
----------+------------
repairs=Y | 0.38       
repairs=N | 0.62       
----------+------------

category  | place | P( place | category )
----------+-------+----------------------
repairs=Y | N     | 0.315789473684211    
repairs=Y | B     | 0.684210526315789    
repairs=N | N     | 0.806451612903226    
repairs=N | B     | 0.193548387096774    
----------+-------+----------------------

category  | model | P( model | category )
----------+-------+----------------------
repairs=Y | H     | 0.631578947368421    
repairs=Y | T     | 0.368421052631579    
repairs=N | H     | 0.209677419354839    
repairs=N | T     | 0.790322580645161    
----------+-------+----------------------

