Model:
category | P(category) 
---------+-------------
spam=N   | 0.15        
spam=Y   | 0.85        
---------+-------------

category | html | P( html | category ) 
---------+------+----------------------
spam=N   | N    | 0.66666666666666    
spam=N   | Y    | 0.33333333333333    
---------+------+----------------------
spam=Y   | N    | 0.05882352941176   
spam=Y   | Y    | 0.94117647058823    
---------+------+----------------------

category | morning | P( morning | category ) 
---------+---------+-------------------------
spam=N   | N       | 0.33333333333333       
spam=N   | Y       | 0.66666666666666       
---------+---------+-------------------------
spam=Y   | N       | 0.64705882352941       
spam=Y   | Y       | 0.35294117647058       
---------+---------+-------------------------

category | size1 | P( size1 | category ) 
---------+-------+-----------------------
spam=N   | L     | 0.33333333333333     
spam=N   | S     | 0.66666666666666     
---------+-------+-----------------------
spam=Y   | L     | 0.58823529411764     
spam=Y   | S     | 0.41176470588235     
---------+-------+-----------------------

