Model:
category | P(category)       
---+---
play=no  | 0.35714285714285 
play=yes | 0.64285714285714 
---+---

category | humidity | P( humidity | category )                                
---+---+---
play=no  | real     | Gaussian(mean=86.2,stddev=9.73139250056229)             
---+---+---
play=yes | real     | Gaussian(mean=79.1111111111111,stddev=10.2157286138146) 
---+---+---

category | outlook  | P( outlook | category ) 
---+---+---
play=no  | rainy    | 0.4                     
play=no  | sunny    | 0.6                     
---+---+---
play=yes | overcast | 0.44444444444444       
play=yes | rainy    | 0.33333333333333       
play=yes | sunny    | 0.22222222222222       
---+---+---

category | temperature | P( temperature | category )                 
---+---+---
play=no  | real        | Gaussian(mean=74.6,stddev=7.89303490426845) 
---+---+---
play=yes | real        | Gaussian(mean=73,stddev=6.16441400296898)   
---+---+---

category | windy | P( windy | category ) 
---+---+---
play=no  | FALSE | 0.4                   
play=no  | TRUE  | 0.6                   
---+---+---
play=yes | FALSE | 0.66666666666666     
play=yes | TRUE  | 0.33333333333333     
---+---+---

