Model:
category | P(category) 
---+---
S=Y      | 0.38        
S=N      | 0.62        
---+---

category | C | P( C | category ) 
---+---+---
S=Y      | N | 0.36842105263157 
S=Y      | Y | 0.63157894736842 
---+---+---
S=N      | N | 0.79032258064516 
S=N      | Y | 0.20967741935483 
---+---+---

category | F | P( F | category ) 
---+---+---
S=Y      | 0 | 0.31578947368421 
S=Y      | 2 | 0.68421052631578 
---+---+---
S=N      | 0 | 0.80645161290322 
S=N      | 2 | 0.19354838709677 
---+---+---

