Model:
category | P(category) 
---+---
S=Y      | 0.38        
S=N      | 0.62        
---+---

category | C | P( C | category ) 
---+---+---
S=Y      | N | 0.36842105263157 
S=Y      | Y | 0.63157894736842 
---+---+---
S=N      | N | 0.79032258064516 
S=N      | Y | 0.20967741935483 
---+---+---

category | F    | P( F | category )                                         
---+---+---
S=Y      | real | Gaussian(mean=1.36842105263158,stddev=0.93583624298496)  
---+---+---
S=N      | real | Gaussian(mean=0.38709677419354,stddev=0.79336350375801) 
---+---+---

