Model:
category | P(category)       
---+---
Spam=Y   | 0.46965699208443 
Spam=N   | 0.53034300791556 
---+---

category | Caps | P( Caps | category ) 
---+---+---
Spam=Y   | N    | 0.36516853932584    
Spam=Y   | Y    | 0.63483146067415    
---+---+---
Spam=N   | N    | 0.63681592039801     
Spam=N   | Y    | 0.36318407960199     
---+---+---

category | Free | P( Free | category ) 
---+---+---
Spam=Y   | N    | 0.35955056179775    
Spam=Y   | Y    | 0.64044943820224    
---+---+---
Spam=N   | N    | 0.64676616915422    
Spam=N   | Y    | 0.35323383084577    
---+---+---

category | Html | P( Html | category ) 
---+---+---
Spam=Y   | N    | 0.37640449438202    
Spam=Y   | Y    | 0.62359550561797    
---+---+---
Spam=N   | N    | 0.66666666666666    
Spam=N   | Y    | 0.33333333333333    
---+---+---

